


ARM Macro Assembler    Page 1 


    1 00000000                 AREA             Init, CODE, READONLY
    2 00000000                 CODE32
    3 00000000         ;     
    4 00000000                 EXPORT           __txm_module_preamble
    5 00000000         ;     
    6 00000000                 IMPORT           demo_module_start
    7 00000000                 IMPORT           demo_module_stop
    8 00000000         ;     
    9 00000000                 IMPORT           _txm_module_thread_shell_entry
   10 00000000                 IMPORT           _txm_module_callback_request_th
read_entry
   11 00000000                 IMPORT           |Image$$ER_RO$$Length|
   12 00000000                 IMPORT           |Image$$ER_RW$$Length|
   13 00000000                 IMPORT           |Image$$ER_ZI$$ZI$$Length|
   14 00000000         __txm_module_preamble
   15 00000000 4D4F4455        DCD              0x4D4F4455  ; Module ID
   16 00000004 00000005        DCD              0x5         ; Module Major Vers
                                                            ion
   17 00000008 00000003        DCD              0x3         ; Module Minor Vers
                                                            ion
   18 0000000C 00000020        DCD              32          ; Module Preamble S
                                                            ize in 32-bit words
                                                            
   19 00000010 12345678        DCD              0x12345678  ; Module ID (applic
                                                            ation defined) 
   20 00000014 01000001        DCD              0x01000001  ; Module Properties
                                                             where:
   21 00000018         ;   Bits 31-24: Compiler ID
   22 00000018         ;           0 -> IAR
   23 00000018         ;           1 -> RVDS
   24 00000018         ;           2 -> GNU
   25 00000018         ;   4 -> LLVM
   26 00000018         ;   Bits 23-1:  Reserved
   27 00000018         ;   Bit 0:  0 -> Privileged mode execution (no MMU prote
                       ction)
   28 00000018 00000030        DCD              _txm_module_thread_shell_entry 
- . + . 
                                                            ; Module Shell Entr
                                                            y Point
   29 0000001C 00000038        DCD              demo_module_start - . + . ; Mod
                                                            ule Start Thread En
                                                            try Point
   30 00000020 00000040        DCD              demo_module_stop - . + . ; Modu
                                                            le Stop Thread Entr
                                                            y Point 
   31 00000024 00000014        DCD              20          ; Module Start/Stop
                                                             Thread Priority
   32 00000028 000007FE        DCD              2046        ; Module Start/Stop
                                                             Thread Stack Size
   33 0000002C 00000058        DCD              _txm_module_callback_request_th
read_entry - . + . 
                                                            ; Module Callback T
                                                            hread Entry
   34 00000030 00000019        DCD              25          ; Module Callback T
                                                            hread Priority     
                                                            
   35 00000034 000007FE        DCD              2046        ; Module Callback T
                                                            hread Stack Size   
                                                            



ARM Macro Assembler    Page 2 


   36 00000038 00000000        DCD              |Image$$ER_RO$$Length| 
                                                            ; Module Code Size
   37 0000003C 00000000        DCD              |Image$$ER_ZI$$ZI$$Length| ; Mo
                                                            dule data size - ge
                                                            t it from ZI sectio
                                                            n
   38 00000040 00000000        DCD              __txm_module_preamble 
                                                            ; Reserved 0
   39 00000044 00000000        DCD              |Image$$ER_RW$$Length| 
                                                            ; Reserved 1
   40 00000048 00000000        DCD              0           ; Reserved 2
   41 0000004C 00000000        DCD              0           ; Reserved 3
   42 00000050 00000000        DCD              0           ; Reserved 4
   43 00000054 00000000        DCD              0           ; Reserved 5     
   44 00000058 00000000        DCD              0           ; Reserved 6     
   45 0000005C 00000000        DCD              0           ; Reserved 7   
   46 00000060 00000000        DCD              0           ; Reserved 8  
   47 00000064 00000000        DCD              0           ; Reserved 9
   48 00000068 00000000        DCD              0           ; txm_module_preamb
                                                            le_debug_enable 
   49 0000006C         ; 1 : enabled
   50 0000006C         ; 0 : disabled
   51 0000006C 00000000        DCD              0           ; Reserved 11
   52 00000070 00000000        DCD              0           ; Reserved 12
   53 00000074 00000000        DCD              0           ; Reserved 13
   54 00000078 ABCDEF01        DCD              0xABCDEF01  ; Reserved 14 : Mod
                                                            ule Unique ID
   55 0000007C 00000000        DCD              0           ; Reserved 15
   56 00000080                 END
Command Line: --debug --dwarf2 --cpu=Cortex-A7 --apcs=/noswst/interwork -oZ:\b\
apps_proc\core\kernel\rtos\threadx\txm_demo_app\build\txm_demo\cortex-a7\ACFNAA
MZ\txm_module_preamble.o -IZ:\b\apps_proc\core\kernel\rtos\threadx\txm_demo_app
\build -IZ:\b\apps_proc\scripts\cust -IZ:\b\apps_proc\config\cust -IZ:\b\apps_p
roc\build\cust -I. -IZ:\b\apps_proc\core\api\services -IZ:\b\apps_proc\core\ser
vices\diag\diag_mask_tbl\src -IZ:\b\apps_proc\core\api\rapi\services\inc -IZ:\b
\apps_proc\core\services\diag\LSM\qapi\src -IZ:\b\apps_proc\core\qapi\common -I
Z:\b\apps_proc\core\api\storage -IZ:\b\apps_proc\core\api\kernel -IZ:\b\apps_pr
oc\core\api\kernel\libstd -IZ:\b\apps_proc\core\kernel\libstd\inc -IZ:\b\apps_p
roc\core\api\kernel\libstd\stringl -IZ:\b\apps_proc\core\api\kernel\arch\cortex
a7 -IZ:\b\apps_proc\core\api\kernel\qurt -IZ:\b\apps_proc\core\api\kernel\threa
dx -IZ:\b\apps_proc\core\api\kernel\devcfg -IZ:\b\apps_proc\core\services\diag\
DCM\rtos\src -IZ:\b\apps_proc\core\services\diag\LSM\common\src -IZ:\b\apps_pro
c\core\services\diag\platform\bmp\src -IZ:\b\apps_proc\core\services\diag\DCM\c
ommon\src -IZ:\b\apps_proc\core\services\ondevice_diag\src -IZ:\b\apps_proc\cor
e\services\nv\src -IZ:\b\apps_proc\core\services\time\src -IZ:\b\apps_proc\core
\services\time_qmi_clnt\src -IZ:\b\apps_proc\core\services\utils\src -IZ:\b\app
s_proc\core\mproc\qmi\qcci -IZ:\b\apps_proc\core\services\osal\inc -IZ:\b\apps_
proc\core\services\osal\qurt\inc -IZ:\b\apps_proc\core\services\diag\f3_trace\s
rc -IZ:\b\apps_proc\core\storage\flash\inc -IZ:\b\apps_proc\core\storage\flash\
src\dal -IZ:\b\apps_proc\core\storage\flash\src\hal -IZ:\b\apps_proc\core\stora
ge\flash\tools\inc -IZ:\b\apps_proc\core\storage\flash\tools\src\nand -IZ:\b\ap
ps_proc\core\storage\sdcc\src -IZ:\b\apps_proc\core\storage\sdcc\src\hal -IZ:\b
\apps_proc\core\storage\sdcc\src\bsp -IZ:\b\apps_proc\core\storage\sdioc\hal -I
Z:\b\apps_proc\core\storage\sdioc\dal\inc -IZ:\b\apps_proc\core\storage\sdioc\s
io -IZ:\b\apps_proc\core\storage\efs\inc -IZ:\b\apps_proc\core\storage\efs_scru
b\inc -IZ:\b\apps_proc\core\storage\ftl\inc -IZ:\b\apps_proc\core\storage\hfat\
inc -IZ:\b\apps_proc\core\storage\hotplug\inc -IZ:\b\apps_proc\core\storage\rfs
\inc -IZ:\b\apps_proc\core\storage\remotefs\src -IZ:\b\apps_proc\core\storage\f
s_hwio\inc -IZ:\b\apps_proc\core\storage\tftp\common\inc -IZ:\b\apps_proc\core\



ARM Macro Assembler    Page 3 


storage\tftp\client\inc -IZ:\b\apps_proc\core\storage\tftp\os\inc -IZ:\b\apps_p
roc\core\storage\tftp\server\inc -IZ:\b\apps_proc\core\storage\storage_diag\inc
 -IZ:\b\apps_proc\core\storage\efs_qmi_put_get\common\inc -IZ:\b\apps_proc\core
\storage\fs_osal\inc -IZ:\b\apps_proc\core\storage\qapi_fs\inc -IZ:\b\apps_proc
\core\storage\qapi_ftl\inc -IZ:\b\apps_proc\core\kernel\dl_pager\src -IZ:\b\app
s_proc\core\kernel\bootlib\apps\inc -IZ:\b\apps_proc\core\kernel\devcfg\inc --l
ist=Z:\b\apps_proc\core\kernel\rtos\threadx\txm_demo_app\build\txm_demo\cortex-
a7\ACFNAAMZ\txm_module_preamble.o.lst --sitelicense Z:\b\apps_proc\core\kernel\
rtos\threadx\txm_demo_app\build\txm_demo\cortex-a7\ACFNAAMZ\txm_module_preamble
.o.i
