qurt_island_add_interrupt
qurt_island_get_specid
qurt_island_remove_interrupt
sns_list_item_init
sns_list_item_get_data
sns_list_iter_insert
sns_list_iter_insert_unique
sns_list_iter_remove
sns_list_iter_curr
sns_list_iter_advance
sns_list_iter_return
pb_decode_float_arr_cb
pb_decode_simple_cb
pb_encode_request
pb_encode_string_cb
pb_get_encoded_size_sensor_stream_event
pb_send_sensor_stream_event
sns_memset
sns_memzero
sns_memcmp
sns_memscpy
qurt_island_get_status
sns_publish_attribute
sns_sensor_util_find_instance
sns_sensor_util_find_instance_match
sns_sensor_util_remove_sensor_instance_stream
sns_suid_lookup_add
sns_suid_lookup_complete
sns_suid_lookup_deinit
sns_suid_lookup_get
sns_suid_lookup_handle
sns_set_device_mode
sns_llcm_config
sns_llcm_disable
sns_llcm_poll
sns_llcm_offset_update
uart_close
uart_open
uart_power_off
uart_power_on
uart_receive
uart_transmit
