pb_decode
pb_encode
pb_istream_from_buffer
pb_ostream_from_buffer
pb_decode_fixed32
pb_encode_fixed32
pb_encode_string
pb_read
pb_get_encoded_size
pb_encode_tag_for_field
pb_skip_field
SNS_CLIENT_SVC_get_service_object_internal_v01
sns_cal_event_fields
sns_client_event_msg_fields
sns_client_event_msg_sns_client_event_fields
sns_client_request_msg_fields
sns_proximity_event_fields
sns_resampler_config_fields
sns_std_attr_event_fields
sns_std_attr_fields
sns_std_attr_req_fields
sns_std_attr_value_data_fields
sns_std_request_fields
sns_std_sensor_config_fields
sns_std_sensor_event_fields
sns_std_sensor_physical_config_event_fields
sns_std_suid_fields
sns_suid_event_fields
sns_suid_req_fields
sns_mcmd_config_fields
sns_cmc_event_data_fields
sns_cmc_event_fields
sns_step_event_config_fields
sns_step_event_fields
sns_amd_event_fields
sns_registry_read_req_fields

